<?xml version="1.0" encoding="UTF-8"?>
<!-- Generated by org.testng.reporters.JUnitReportReporter -->
<testsuite hostname="Kranti-PC" name="RestAssuredGroup.databaseTesting.dataProviderTest" tests="1" failures="0" timestamp="18 Apr 2018 02:43:08 GMT" time="0.005" errors="0">
  <testcase name="f" time="0.005" classname="RestAssuredGroup.databaseTesting.dataProviderTest"/>
</testsuite> <!-- RestAssuredGroup.databaseTesting.dataProviderTest -->
