<?xml version="1.0" encoding="UTF-8"?>
<!-- Generated by org.testng.reporters.JUnitReportReporter -->
<testsuite hostname="Kranti-PC" name="RestAssuredGroup.databaseTesting.mySqlTest" tests="1" failures="0" timestamp="18 Apr 2018 02:01:17 GMT" time="1.088" errors="0">
  <testcase name="connectDatabase" time="1.088" classname="RestAssuredGroup.databaseTesting.mySqlTest"/>
</testsuite> <!-- RestAssuredGroup.databaseTesting.mySqlTest -->
